Build started 2019/6/25 11:00:03.
     1>Project "D:\MyPro\Links\Cpp-MySQL\Cpp-MySQL\Cpp-MySQL.vcxproj" on node 2 (Build target(s)).
     1>C:\Program Files (x86)\MSBuild\Microsoft.Cpp\v4.0\V120\Microsoft.CppBuild.targets(388,5): warning MSB8028: The intermediate directory (Debug\) contains files shared from another project (CodeMaker.vcxproj).  This can lead to incorrect clean and rebuild behavior.
     1>ClCompile:
         C:\Program Files (x86)\Microsoft Visual Studio 12.0\VC\bin\CL.exe /c /IP:\driver\include\boost_1_68_0 /IP:\driver\include /ZI /nologo /W3 /WX- /sdl /Od /Oy- /D _CRT_SECURE_NO_DEPRECATE /D _SCL_SECURE_NO_DEPRECATE /D _MBCS /Gm /EHsc /RTC1 /MDd /GS /fp:precise /Zc:wchar_t /Zc:forScope /Fo"Debug\\" /Fd"Debug\vc120.pdb" /Gd /TP /analyze- /errorReport:prompt Blank.cpp main.cpp mysqlbase.cpp TString.cpp
         TString.cpp
         mysqlbase.cpp
     1>p:\driver\include\cppconn\sqlstring.h(45): warning C4251: 'sql::SQLString::realStr' : class 'std::basic_string<char,std::char_traits<char>,std::allocator<char>>' needs to have dll-interface to be used by clients of class 'sql::SQLString'
     1>p:\driver\include\cppconn\exception.h(78): warning C4251: 'sql::SQLException::sql_state' : class 'std::basic_string<char,std::char_traits<char>,std::allocator<char>>' needs to have dll-interface to be used by clients of class 'sql::SQLException'
     1>p:\driver\include\cppconn\exception.h(162): warning C4251: 'sql::SQLUnsupportedOptionException::option' : class 'std::basic_string<char,std::char_traits<char>,std::allocator<char>>' needs to have dll-interface to be used by clients of struct 'sql::SQLUnsupportedOptionException'
     1>p:\driver\include\driver\mysql_driver.h(58): warning C4251: 'sql::mysql::MySQL_Driver::proxy' : class 'boost::scoped_ptr<sql::mysql::NativeAPI::NativeDriverWrapper>' needs to have dll-interface to be used by clients of class 'sql::mysql::MySQL_Driver'
         main.cpp
     1>p:\driver\include\cppconn\sqlstring.h(45): warning C4251: 'sql::SQLString::realStr' : class 'std::basic_string<char,std::char_traits<char>,std::allocator<char>>' needs to have dll-interface to be used by clients of class 'sql::SQLString'
     1>p:\driver\include\cppconn\exception.h(78): warning C4251: 'sql::SQLException::sql_state' : class 'std::basic_string<char,std::char_traits<char>,std::allocator<char>>' needs to have dll-interface to be used by clients of class 'sql::SQLException'
     1>p:\driver\include\cppconn\exception.h(162): warning C4251: 'sql::SQLUnsupportedOptionException::option' : class 'std::basic_string<char,std::char_traits<char>,std::allocator<char>>' needs to have dll-interface to be used by clients of struct 'sql::SQLUnsupportedOptionException'
     1>p:\driver\include\driver\mysql_driver.h(58): warning C4251: 'sql::mysql::MySQL_Driver::proxy' : class 'boost::scoped_ptr<sql::mysql::NativeAPI::NativeDriverWrapper>' needs to have dll-interface to be used by clients of class 'sql::mysql::MySQL_Driver'
         Blank.cpp
     1>p:\driver\include\cppconn\sqlstring.h(45): warning C4251: 'sql::SQLString::realStr' : class 'std::basic_string<char,std::char_traits<char>,std::allocator<char>>' needs to have dll-interface to be used by clients of class 'sql::SQLString'
     1>p:\driver\include\cppconn\exception.h(78): warning C4251: 'sql::SQLException::sql_state' : class 'std::basic_string<char,std::char_traits<char>,std::allocator<char>>' needs to have dll-interface to be used by clients of class 'sql::SQLException'
     1>p:\driver\include\cppconn\exception.h(162): warning C4251: 'sql::SQLUnsupportedOptionException::option' : class 'std::basic_string<char,std::char_traits<char>,std::allocator<char>>' needs to have dll-interface to be used by clients of struct 'sql::SQLUnsupportedOptionException'
     1>p:\driver\include\driver\mysql_driver.h(58): warning C4251: 'sql::mysql::MySQL_Driver::proxy' : class 'boost::scoped_ptr<sql::mysql::NativeAPI::NativeDriverWrapper>' needs to have dll-interface to be used by clients of class 'sql::mysql::MySQL_Driver'
     1>d:\mypro\links\cpp-mysql\cpp-mysql\blank.cpp(67): warning C4018: '<' : signed/unsigned mismatch
         Generating Code...
       Link:
         C:\Program Files (x86)\Microsoft Visual Studio 12.0\VC\bin\link.exe /ERRORREPORT:PROMPT /OUT:"D:\MyPro\Links\Cpp-MySQL\Debug\Cpp-MySQL.exe" /INCREMENTAL /NOLOGO /LIBPATH:P:\driver\lib libmysql.lib mysqlcppconn.lib comctl32.lib kernel32.lib user32.lib gdi32.lib winspool.lib comdlg32.lib advapi32.lib shell32.lib ole32.lib oleaut32.lib uuid.lib odbc32.lib odbccp32.lib /MANIFEST /MANIFESTUAC:"level='asInvoker' uiAccess='false'" /manifest:embed /DEBUG /PDB:"D:\MyPro\Links\Cpp-MySQL\Debug\Cpp-MySQL.pdb" /TLBID:1 /DYNAMICBASE /NXCOMPAT /IMPLIB:"D:\MyPro\Links\Cpp-MySQL\Debug\Cpp-MySQL.lib" /MACHINE:X86 Debug\Blank.obj
         Debug\main.obj
         Debug\mysqlbase.obj
         Debug\TString.obj
         Cpp-MySQL.vcxproj -> D:\MyPro\Links\Cpp-MySQL\Debug\Cpp-MySQL.exe
     1>Done Building Project "D:\MyPro\Links\Cpp-MySQL\Cpp-MySQL\Cpp-MySQL.vcxproj" (Build target(s)).

Build succeeded.

Time Elapsed 00:00:03.40
